#
# A fatal error has been detected by the Java Runtime Environment:
#
#  EXCEPTION_ACCESS_VIOLATION (0xc0000005) at pc=0x00007ffc138f16e9, pid=8, tid=13120
#
# JRE version: OpenJDK Runtime Environment Corretto-11.0.14.9.1 (11.0.14+9) (build 11.0.14+9-LTS)
# Java VM: OpenJDK 64-Bit Server VM Corretto-11.0.14.9.1 (11.0.14+9-LTS, mixed mode, tiered, compressed oops, g1 gc, windows-amd64)
# Problematic frame:
# C  [VCRUNTIME140.dll+0x16e9]
#
# No core dump will be written. Minidumps are not enabled by default on client versions of Windows
#
# If you would like to submit a bug report, please visit:
#   https://github.com/corretto/corretto-11/issues/
#

---------------  S U M M A R Y ------------

Command Line: -javaagent:C:\Program Files\JetBrains\IntelliJ IDEA Community Edition 2021.2.3\lib\idea_rt.jar=51174:C:\Program Files\JetBrains\IntelliJ IDEA Community Edition 2021.2.3\bin -Dfile.encoding=UTF-8 com.adocao.gpms.AdocaoApplication

Host: Intel(R) Core(TM) i3-9100F CPU @ 3.60GHz, 4 cores, 7G,  Windows 10 , 64 bit Build 19041 (10.0.19041.1466)
Time: Tue Feb  8 10:40:44 2022 Pacific Standard Time elapsed time: 6.107293 seconds (0d 0h 0m 6s)

---------------  T H R E A D  ---------------

Current thread (0x0000019f71da8000):  GCTaskThread "GC Thread#0" [stack: 0x0000001f8b600000,0x0000001f8b700000] [id=13120]

Stack: [0x0000001f8b600000,0x0000001f8b700000],  sp=0x0000001f8b6ff6b0,  free space=1021k
Native frames: (J=compiled Java code, j=interpreted, Vv=VM code, C=native code)
C  [VCRUNTIME140.dll+0x16e9]
V  [jvm.dll+0x2dbd96]
V  [jvm.dll+0x2dbf0b]
V  [jvm.dll+0x35075a]
V  [jvm.dll+0x3130af]
V  [jvm.dll+0x3138a3]
V  [jvm.dll+0x2b98f0]
V  [jvm.dll+0x2b9811]
V  [jvm.dll+0x2e5eab]
V  [jvm.dll+0x313f46]
V  [jvm.dll+0x2e8919]
V  [jvm.dll+0x7dbb50]
V  [jvm.dll+0x767024]
V  [jvm.dll+0x61d486]
C  [ucrtbase.dll+0x21bb2]
C  [KERNEL32.DLL+0x17034]
C  [ntdll.dll+0x52651]


siginfo: EXCEPTION_ACCESS_VIOLATION (0xc0000005), writing address 0x0000019f7a510000


Register to memory mapping:

RIP=0x00007ffc138f16e9 VCRUNTIME140.dll
RAX=0x0000000000000044 is an unknown value
RBX=0x00000000003fe4d0 is an unknown value
RCX=0x00000000000b4573 is an unknown value
RDX=0x0000000000000044 is an unknown value
RSP=0x0000001f8b6ff6b0 points into unknown readable memory: 0x0000000000004574 | 74 45 00 00 00 00 00 00
RBP=0x0000000000104572 is an unknown value
RSI=0x0000000000000014 is an unknown value
RDI=0x0000019f7a510000 is an unknown value
R8 =0x00000000000f0000 is an unknown value
R9 =0x4444444444444444 is an unknown value
R10=0x0000000000000022 is an unknown value
R11=0x0000019f7a4d4573 points into unknown readable memory: 44 44 44 44 44
R12=0x0000001f8b6ff770 points into unknown readable memory: 0x0000000000004573 | 73 45 00 00 00 00 00 00
R13=0x0000019f71df2618 points into unknown readable memory: 0x0000000081900000 | 00 00 90 81 00 00 00 00
R14=0x0000000000000004 is an unknown value
R15=0x00000000003fe4d0 is an unknown value


Registers:
RAX=0x0000000000000044, RBX=0x00000000003fe4d0, RCX=0x00000000000b4573, RDX=0x0000000000000044
RSP=0x0000001f8b6ff6b0, RBP=0x0000000000104572, RSI=0x0000000000000014, RDI=0x0000019f7a510000
R8 =0x00000000000f0000, R9 =0x4444444444444444, R10=0x0000000000000022, R11=0x0000019f7a4d4573
R12=0x0000001f8b6ff770, R13=0x0000019f71df2618, R14=0x0000000000000004, R15=0x00000000003fe4d0
RIP=0x00007ffc138f16e9, EFLAGS=0x0000000000010202

Top of Stack: (sp=0x0000001f8b6ff6b0)
0x0000001f8b6ff6b0:   0000000000004574 00007ffbd424bd96
0x0000001f8b6ff6c0:   0000000081800000 0000000000020000
0x0000001f8b6ff6d0:   0000019f71df25c0 00007ffbd42c0520
0x0000001f8b6ff6e0:   0000019f71df25c0 00000000818b2400
0x0000001f8b6ff6f0:   00007ffbd482a760 0000001f8b6ff988
0x0000001f8b6ff700:   00000000818ae4f0 00007ffbd424bf0b
0x0000001f8b6ff710:   0000000100c9a1a8 0000001f8b6ff760
0x0000001f8b6ff720:   00000000818b2200 0000019f71df2618
0x0000001f8b6ff730:   0000000100c9a1a8 00000000818b2200
0x0000001f8b6ff740:   0000019f71df2618 00000000818b2200
0x0000001f8b6ff750:   0000000000000100 00007ffbd42c075a
0x0000001f8b6ff760:   00000000818ae600 00000000818a7bd0
0x0000001f8b6ff770:   0000000000004573 0000019f71df25c0
0x0000001f8b6ff780:   00000000818b2200 00007ffbd42830af
0x0000001f8b6ff790:   0000001f8b6ff960 0000019f71d9c7b0
0x0000001f8b6ff7a0:   00000000818b59e0 00000000818bc320 

Instructions: (pc=0x00007ffc138f16e9)
0x00007ffc138f15e9:   ff ff 0f 1f 44 00 00 49 03 c8 0f 10 44 11 f0 48
0x00007ffc138f15f9:   83 e9 10 49 83 e8 10 f6 c1 0f 74 17 48 8b c1 48
0x00007ffc138f1609:   83 e1 f0 0f 10 c8 0f 10 04 11 0f 11 08 4c 8b c1
0x00007ffc138f1619:   4d 2b c3 4d 8b c8 49 c1 e9 07 74 68 0f 29 01 eb
0x00007ffc138f1629:   0d 66 0f 1f 44 00 00 0f 29 41 10 0f 29 09 0f 10
0x00007ffc138f1639:   44 11 f0 0f 10 4c 11 e0 48 81 e9 80 00 00 00 0f
0x00007ffc138f1649:   29 41 70 0f 29 49 60 0f 10 44 11 50 0f 10 4c 11
0x00007ffc138f1659:   40 49 ff c9 0f 29 41 50 0f 29 49 40 0f 10 44 11
0x00007ffc138f1669:   30 0f 10 4c 11 20 0f 29 41 30 0f 29 49 20 0f 10
0x00007ffc138f1679:   44 11 10 0f 10 0c 11 75 ae 0f 29 41 10 49 83 e0
0x00007ffc138f1689:   7f 0f 28 c1 4d 8b c8 49 c1 e9 04 74 1a 66 66 0f
0x00007ffc138f1699:   1f 84 00 00 00 00 00 0f 11 01 48 83 e9 10 0f 10
0x00007ffc138f16a9:   04 11 49 ff c9 75 f0 49 83 e0 0f 74 08 41 0f 10
0x00007ffc138f16b9:   0a 41 0f 11 0b 0f 11 01 49 8b c3 c3 cc cc cc cc
0x00007ffc138f16c9:   cc cc cc cc cc cc cc cc cc cc cc cc cc 66 66 0f
0x00007ffc138f16d9:   1f 84 00 00 00 00 00 57 8b c2 48 8b f9 49 8b c8
0x00007ffc138f16e9:   f3 aa 49 8b c3 5f c3 cc cc cc cc cc cc 66 66 0f
0x00007ffc138f16f9:   1f 84 00 00 00 00 00 4c 8b d9 0f b6 d2 49 b9 01
0x00007ffc138f1709:   01 01 01 01 01 01 01 4c 0f af ca 49 83 f8 10 0f
0x00007ffc138f1719:   86 f2 00 00 00 66 49 0f 6e c1 66 0f 60 c0 49 81
0x00007ffc138f1729:   f8 80 00 00 00 77 10 e9 6b 00 00 00 66 66 66 0f
0x00007ffc138f1739:   1f 84 00 00 00 00 00 f6 05 75 2c 01 00 02 75 97
0x00007ffc138f1749:   0f 11 01 4c 03 c1 48 83 c1 10 48 83 e1 f0 4c 2b
0x00007ffc138f1759:   c1 4d 8b c8 49 c1 e9 07 74 3d 4c 3b 0d be 28 01
0x00007ffc138f1769:   00 0f 87 60 00 00 00 0f 29 01 0f 29 41 10 48 81
0x00007ffc138f1779:   c1 80 00 00 00 0f 29 41 a0 0f 29 41 b0 49 ff c9
0x00007ffc138f1789:   0f 29 41 c0 0f 29 41 d0 0f 29 41 e0 66 0f 29 41
0x00007ffc138f1799:   f0 75 d4 49 83 e0 7f 4d 8b c8 49 c1 e9 04 74 13
0x00007ffc138f17a9:   0f 1f 80 00 00 00 00 0f 11 01 48 83 c1 10 49 ff
0x00007ffc138f17b9:   c9 75 f4 49 83 e0 0f 74 06 42 0f 11 44 01 f0 49
0x00007ffc138f17c9:   8b c3 c3 0f 1f 40 00 0f 2b 01 0f 2b 41 10 48 81
0x00007ffc138f17d9:   c1 80 00 00 00 0f 2b 41 a0 0f 2b 41 b0 49 ff c9 


Stack slot to memory mapping:
stack at sp + 0 slots: 0x0000000000004574 is an unknown value
stack at sp + 1 slots: 0x00007ffbd424bd96 jvm.dll
stack at sp + 2 slots: 0x0000000081800000 is an oop: org.springframework.core.ResolvableType 
{0x0000000081800000} - klass: 'org/springframework/core/ResolvableType'
stack at sp + 3 slots: 0x0000000000020000 is an unknown value
stack at sp + 4 slots: 0x0000019f71df25c0 points into unknown readable memory: 0x00007ffbd4831a68 | 68 1a 83 d4 fb 7f 00 00
stack at sp + 5 slots: 0x00007ffbd42c0520 jvm.dll
stack at sp + 6 slots: 0x0000019f71df25c0 points into unknown readable memory: 0x00007ffbd4831a68 | 68 1a 83 d4 fb 7f 00 00
stack at sp + 7 slots: 0x00000000818b2400 is pointing into object: 
[error occurred during error reporting (inspecting top of stack), id 0xc0000005, EXCEPTION_ACCESS_VIOLATION (0xc0000005) at pc=0x00007ffbd457b13d]


---------------  P R O C E S S  ---------------

Threads class SMR info:
_java_thread_list=0x0000019f1526dc40, length=19, elements={
0x0000019f71d8f000, 0x0000019f7f548800, 0x0000019f7f54a000, 0x0000019f11042800,
0x0000019f7f541000, 0x0000019f7f542800, 0x0000019f7f545800, 0x0000019f7f556800,
0x0000019f1109f000, 0x0000019f111a1000, 0x0000019f118ba000, 0x0000019f11953800,
0x0000019f11f66800, 0x0000019f11e80800, 0x0000019f15827000, 0x0000019f16fdb800,
0x0000019f14015000, 0x0000019f175db000, 0x0000019f16013800
}

Java Threads: ( => current thread )
  0x0000019f71d8f000 JavaThread "main" [_thread_blocked, id=756, stack(0x0000001f8b500000,0x0000001f8b600000)]
  0x0000019f7f548800 JavaThread "Reference Handler" daemon [_thread_blocked, id=10244, stack(0x0000001f8bc00000,0x0000001f8bd00000)]
  0x0000019f7f54a000 JavaThread "Finalizer" daemon [_thread_blocked, id=10056, stack(0x0000001f8bd00000,0x0000001f8be00000)]
  0x0000019f11042800 JavaThread "Signal Dispatcher" daemon [_thread_blocked, id=10160, stack(0x0000001f8be00000,0x0000001f8bf00000)]
  0x0000019f7f541000 JavaThread "Attach Listener" daemon [_thread_blocked, id=10052, stack(0x0000001f8bf00000,0x0000001f8c000000)]
  0x0000019f7f542800 JavaThread "Service Thread" daemon [_thread_blocked, id=8712, stack(0x0000001f8c000000,0x0000001f8c100000)]
  0x0000019f7f545800 JavaThread "C2 CompilerThread0" daemon [_thread_blocked, id=11528, stack(0x0000001f8c100000,0x0000001f8c200000)]
  0x0000019f7f556800 JavaThread "C1 CompilerThread0" daemon [_thread_blocked, id=7792, stack(0x0000001f8c200000,0x0000001f8c300000)]
  0x0000019f1109f000 JavaThread "Sweeper thread" daemon [_thread_blocked, id=2180, stack(0x0000001f8c300000,0x0000001f8c400000)]
  0x0000019f111a1000 JavaThread "Common-Cleaner" daemon [_thread_blocked, id=6940, stack(0x0000001f8c400000,0x0000001f8c500000)]
  0x0000019f118ba000 JavaThread "Monitor Ctrl-Break" daemon [_thread_in_native, id=6660, stack(0x0000001f8c500000,0x0000001f8c600000)]
  0x0000019f11953800 JavaThread "C2 CompilerThread1" daemon [_thread_blocked, id=8700, stack(0x0000001f8c700000,0x0000001f8c800000)]
  0x0000019f11f66800 JavaThread "Thread-0" [_thread_blocked, id=3488, stack(0x0000001f8ca00000,0x0000001f8cb00000)]
  0x0000019f11e80800 JavaThread "restartedMain" [_thread_blocked, id=7708, stack(0x0000001f8cb00000,0x0000001f8cc00000)]
  0x0000019f15827000 JavaThread "HikariPool-1 housekeeper" daemon [_thread_blocked, id=5652, stack(0x0000001f8cd00000,0x0000001f8ce00000)]
  0x0000019f16fdb800 JavaThread "Catalina-utility-1" [_thread_blocked, id=6656, stack(0x0000001f8ce00000,0x0000001f8cf00000)]
  0x0000019f14015000 JavaThread "Catalina-utility-2" [_thread_blocked, id=6572, stack(0x0000001f8cf00000,0x0000001f8d000000)]
  0x0000019f175db000 JavaThread "container-0" [_thread_blocked, id=8740, stack(0x0000001f8d000000,0x0000001f8d100000)]
  0x0000019f16013800 JavaThread "HikariPool-1 connection adder" daemon [_thread_blocked, id=10688, stack(0x0000001f8d100000,0x0000001f8d200000)]

Other Threads:
  0x0000019f7f513000 VMThread "VM Thread" [stack: 0x0000001f8bb00000,0x0000001f8bc00000] [id=3632]
  0x0000019f11514000 WatcherThread [stack: 0x0000001f8c600000,0x0000001f8c700000] [id=9152]
=>0x0000019f71da8000 GCTaskThread "GC Thread#0" [stack: 0x0000001f8b600000,0x0000001f8b700000] [id=13120]
  0x0000019f123c4800 GCTaskThread "GC Thread#1" [stack: 0x0000001f8c800000,0x0000001f8c900000] [id=11344]
  0x0000019f12316000 GCTaskThread "GC Thread#2" [stack: 0x0000001f8c900000,0x0000001f8ca00000] [id=7524]
  0x0000019f11eae000 GCTaskThread "GC Thread#3" [stack: 0x0000001f8cc00000,0x0000001f8cd00000] [id=4068]
  0x0000019f71dd8000 ConcurrentGCThread "G1 Main Marker" [stack: 0x0000001f8b700000,0x0000001f8b800000] [id=2704]
  0x0000019f71dda000 ConcurrentGCThread "G1 Conc#0" [stack: 0x0000001f8b800000,0x0000001f8b900000] [id=10032]
  0x0000019f7f380800 ConcurrentGCThread "G1 Refine#0" [stack: 0x0000001f8b900000,0x0000001f8ba00000] [id=8528]
  0x0000019f7f381000 ConcurrentGCThread "G1 Young RemSet Sampling" [stack: 0x0000001f8ba00000,0x0000001f8bb00000] [id=1552]

Threads with active compile tasks:
C2 CompilerThread0   6199 4688   !   4       java.net.URL::<init> (543 bytes)
C2 CompilerThread1   6199 4720   !   4       java.util.zip.ZipFile$CleanableResource::releaseInflater (53 bytes)

VM state:at safepoint (normal execution)

VM Mutex/Monitor currently owned by a thread:  ([mutex/lock_event])
[0x0000019f71d8b4c0] Threads_lock - owner thread: 0x0000019f7f513000
[0x0000019f71d8b820] Heap_lock - owner thread: 0x0000019f11e80800

Heap address: 0x0000000081000000, size: 2032 MB, Compressed Oops mode: 32-bit
Narrow klass base: 0x0000000000000000, Narrow klass shift: 3
Compressed class space size: 1073741824 Address: 0x0000000100000000

Heap:
 garbage-first heap   total 157696K, used 92532K [0x0000000081000000, 0x0000000100000000)
  region size 1024K, 80 young (81920K), 8 survivors (8192K)
 Metaspace       used 56431K, capacity 57798K, committed 58108K, reserved 1099776K
  class space    used 6856K, capacity 7407K, committed 7500K, reserved 1048576K
Heap Regions: E=young(eden), S=young(survivor), O=old, HS=humongous(starts), HC=humongous(continues), CS=collection set, F=free, A=archive, TAMS=top-at-mark-start (previous, next)
|   0|0x0000000081000000, 0x0000000081100000, 0x0000000081100000|100%|HS|  |TAMS 0x0000000081100000, 0x0000000081000000| Complete 
|   1|0x0000000081100000, 0x0000000081200000, 0x0000000081200000|100%| O|  |TAMS 0x0000000081200000, 0x0000000081100000| Untracked 
|   2|0x0000000081200000, 0x0000000081300000, 0x0000000081300000|100%| O|  |TAMS 0x0000000081300000, 0x0000000081200000| Untracked 
|   3|0x0000000081300000, 0x0000000081400000, 0x0000000081400000|100%| O|  |TAMS 0x0000000081400000, 0x0000000081300000| Untracked 
|   4|0x0000000081400000, 0x0000000081500000, 0x0000000081500000|100%| O|  |TAMS 0x0000000081500000, 0x0000000081400000| Untracked 
|   5|0x0000000081500000, 0x0000000081600000, 0x0000000081600000|100%| O|  |TAMS 0x0000000081600000, 0x0000000081500000| Untracked 
|   6|0x0000000081600000, 0x0000000081700000, 0x0000000081700000|100%| O|  |TAMS 0x0000000081700000, 0x0000000081600000| Untracked 
|   7|0x0000000081700000, 0x0000000081800000, 0x0000000081800000|100%| O|  |TAMS 0x0000000081800000, 0x0000000081700000| Untracked 
|   8|0x0000000081800000, 0x0000000081900000, 0x0000000081900000|100%| O|  |TAMS 0x0000000081836200, 0x0000000081800000| Untracked 
|   9|0x0000000081900000, 0x0000000081a00000, 0x0000000081a00000|100%| O|  |TAMS 0x0000000081900000, 0x0000000081900000| Untracked 
|  10|0x0000000081a00000, 0x0000000081b00000, 0x0000000081b00000|100%| O|  |TAMS 0x0000000081a00000, 0x0000000081a00000| Untracked 
|  11|0x0000000081b00000, 0x0000000081c00000, 0x0000000081c00000|100%| O|  |TAMS 0x0000000081b00000, 0x0000000081b00000| Untracked 
|  12|0x0000000081c00000, 0x0000000081cccf40, 0x0000000081d00000| 80%| O|  |TAMS 0x0000000081c00000, 0x0000000081c00000| Untracked 
|  13|0x0000000081d00000, 0x0000000081d00000, 0x0000000081e00000|  0%| F|  |TAMS 0x0000000081d00000, 0x0000000081d00000| Untracked 
|  14|0x0000000081e00000, 0x0000000081e00000, 0x0000000081f00000|  0%| F|  |TAMS 0x0000000081e00000, 0x0000000081e00000| Untracked 
|  15|0x0000000081f00000, 0x0000000081f00000, 0x0000000082000000|  0%| F|  |TAMS 0x0000000081f00000, 0x0000000081f00000| Untracked 
|  16|0x0000000082000000, 0x0000000082000000, 0x0000000082100000|  0%| F|  |TAMS 0x0000000082000000, 0x0000000082000000| Untracked 
|  17|0x0000000082100000, 0x0000000082100000, 0x0000000082200000|  0%| F|  |TAMS 0x0000000082100000, 0x0000000082100000| Untracked 
|  18|0x0000000082200000, 0x0000000082200000, 0x0000000082300000|  0%| F|  |TAMS 0x0000000082200000, 0x0000000082200000| Untracked 
|  19|0x0000000082300000, 0x0000000082300000, 0x0000000082400000|  0%| F|  |TAMS 0x0000000082300000, 0x0000000082300000| Untracked 
|  20|0x0000000082400000, 0x0000000082400000, 0x0000000082500000|  0%| F|  |TAMS 0x0000000082400000, 0x0000000082400000| Untracked 
|  21|0x0000000082500000, 0x0000000082500000, 0x0000000082600000|  0%| F|  |TAMS 0x0000000082500000, 0x0000000082500000| Untracked 
|  22|0x0000000082600000, 0x0000000082600000, 0x0000000082700000|  0%| F|  |TAMS 0x0000000082600000, 0x0000000082600000| Untracked 
|  23|0x0000000082700000, 0x0000000082700000, 0x0000000082800000|  0%| F|  |TAMS 0x0000000082700000, 0x0000000082700000| Untracked 
|  24|0x0000000082800000, 0x0000000082800000, 0x0000000082900000|  0%| F|  |TAMS 0x0000000082800000, 0x0000000082800000| Untracked 
|  25|0x0000000082900000, 0x0000000082900000, 0x0000000082a00000|  0%| F|  |TAMS 0x0000000082900000, 0x0000000082900000| Untracked 
|  26|0x0000000082a00000, 0x0000000082a00000, 0x0000000082b00000|  0%| F|  |TAMS 0x0000000082a00000, 0x0000000082a00000| Untracked 
|  27|0x0000000082b00000, 0x0000000082b00000, 0x0000000082c00000|  0%| F|  |TAMS 0x0000000082b00000, 0x0000000082b00000| Untracked 
|  28|0x0000000082c00000, 0x0000000082c00000, 0x0000000082d00000|  0%| F|  |TAMS 0x0000000082c00000, 0x0000000082c00000| Untracked 
|  29|0x0000000082d00000, 0x0000000082d00000, 0x0000000082e00000|  0%| F|  |TAMS 0x0000000082d00000, 0x0000000082d00000| Untracked 
|  30|0x0000000082e00000, 0x0000000082e00000, 0x0000000082f00000|  0%| F|  |TAMS 0x0000000082e00000, 0x0000000082e00000| Untracked 
|  31|0x0000000082f00000, 0x0000000082f00000, 0x0000000083000000|  0%| F|  |TAMS 0x0000000082f00000, 0x0000000082f00000| Untracked 
|  32|0x0000000083000000, 0x0000000083000000, 0x0000000083100000|  0%| F|  |TAMS 0x0000000083000000, 0x0000000083000000| Untracked 
|  33|0x0000000083100000, 0x0000000083100000, 0x0000000083200000|  0%| F|  |TAMS 0x0000000083100000, 0x0000000083100000| Untracked 
|  34|0x0000000083200000, 0x0000000083200000, 0x0000000083300000|  0%| F|  |TAMS 0x0000000083200000, 0x0000000083200000| Untracked 
|  35|0x0000000083300000, 0x0000000083300000, 0x0000000083400000|  0%| F|  |TAMS 0x0000000083300000, 0x0000000083300000| Untracked 
|  36|0x0000000083400000, 0x0000000083400000, 0x0000000083500000|  0%| F|  |TAMS 0x0000000083400000, 0x0000000083400000| Untracked 
|  37|0x0000000083500000, 0x0000000083500000, 0x0000000083600000|  0%| F|  |TAMS 0x0000000083500000, 0x0000000083500000| Untracked 
|  38|0x0000000083600000, 0x0000000083600000, 0x0000000083700000|  0%| F|  |TAMS 0x0000000083600000, 0x0000000083600000| Untracked 
|  39|0x0000000083700000, 0x0000000083700000, 0x0000000083800000|  0%| F|  |TAMS 0x0000000083700000, 0x0000000083700000| Untracked 
|  40|0x0000000083800000, 0x0000000083800000, 0x0000000083900000|  0%| F|  |TAMS 0x0000000083800000, 0x0000000083800000| Untracked 
|  41|0x0000000083900000, 0x0000000083900000, 0x0000000083a00000|  0%| F|  |TAMS 0x0000000083900000, 0x0000000083900000| Untracked 
|  42|0x0000000083a00000, 0x0000000083a00000, 0x0000000083b00000|  0%| F|  |TAMS 0x0000000083a00000, 0x0000000083a00000| Untracked 
|  43|0x0000000083b00000, 0x0000000083b00000, 0x0000000083c00000|  0%| F|  |TAMS 0x0000000083b00000, 0x0000000083b00000| Untracked 
|  44|0x0000000083c00000, 0x0000000083c00000, 0x0000000083d00000|  0%| F|  |TAMS 0x0000000083c00000, 0x0000000083c00000| Untracked 
|  45|0x0000000083d00000, 0x0000000083d00000, 0x0000000083e00000|  0%| F|  |TAMS 0x0000000083d00000, 0x0000000083d00000| Untracked 
|  46|0x0000000083e00000, 0x0000000083e00000, 0x0000000083f00000|  0%| F|  |TAMS 0x0000000083e00000, 0x0000000083e00000| Untracked 
|  47|0x0000000083f00000, 0x0000000083f00000, 0x0000000084000000|  0%| F|  |TAMS 0x0000000083f00000, 0x0000000083f00000| Untracked 
|  48|0x0000000084000000, 0x0000000084000000, 0x0000000084100000|  0%| F|  |TAMS 0x0000000084000000, 0x0000000084000000| Untracked 
|  49|0x0000000084100000, 0x0000000084100000, 0x0000000084200000|  0%| F|  |TAMS 0x0000000084100000, 0x0000000084100000| Untracked 
|  50|0x0000000084200000, 0x0000000084200000, 0x0000000084300000|  0%| F|  |TAMS 0x0000000084200000, 0x0000000084200000| Untracked 
|  51|0x0000000084300000, 0x00000000843a1a70, 0x0000000084400000| 63%| E|CS|TAMS 0x0000000084300000, 0x0000000084300000| Complete 
|  52|0x0000000084400000, 0x0000000084500000, 0x0000000084500000|100%| E|CS|TAMS 0x0000000084400000, 0x0000000084400000| Complete 
|  53|0x0000000084500000, 0x0000000084600000, 0x0000000084600000|100%| E|CS|TAMS 0x0000000084500000, 0x0000000084500000| Complete 
|  54|0x0000000084600000, 0x0000000084700000, 0x0000000084700000|100%| E|CS|TAMS 0x0000000084600000, 0x0000000084600000| Complete 
|  55|0x0000000084700000, 0x0000000084800000, 0x0000000084800000|100%| E|CS|TAMS 0x0000000084700000, 0x0000000084700000| Complete 
|  56|0x0000000084800000, 0x0000000084900000, 0x0000000084900000|100%| E|CS|TAMS 0x0000000084800000, 0x0000000084800000| Complete 
|  57|0x0000000084900000, 0x0000000084a00000, 0x0000000084a00000|100%| E|CS|TAMS 0x0000000084900000, 0x0000000084900000| Complete 
|  58|0x0000000084a00000, 0x0000000084b00000, 0x0000000084b00000|100%| E|CS|TAMS 0x0000000084a00000, 0x0000000084a00000| Complete 
|  59|0x0000000084b00000, 0x0000000084b00000, 0x0000000084c00000|  0%| F|  |TAMS 0x0000000084b00000, 0x0000000084b00000| Untracked 
|  60|0x0000000084c00000, 0x0000000084c00000, 0x0000000084d00000|  0%| F|  |TAMS 0x0000000084c00000, 0x0000000084c00000| Untracked 
|  61|0x0000000084d00000, 0x0000000084d00000, 0x0000000084e00000|  0%| F|  |TAMS 0x0000000084d00000, 0x0000000084d00000| Untracked 
|  62|0x0000000084e00000, 0x0000000084e00000, 0x0000000084f00000|  0%| F|  |TAMS 0x0000000084e00000, 0x0000000084e00000| Untracked 
|  63|0x0000000084f00000, 0x0000000084f00000, 0x0000000085000000|  0%| F|  |TAMS 0x0000000084f00000, 0x0000000084f00000| Untracked 
|  64|0x0000000085000000, 0x0000000085000000, 0x0000000085100000|  0%| F|  |TAMS 0x0000000085000000, 0x0000000085000000| Untracked 
|  65|0x0000000085100000, 0x0000000085100000, 0x0000000085200000|  0%| F|  |TAMS 0x0000000085100000, 0x0000000085100000| Untracked 
|  66|0x0000000085200000, 0x0000000085200000, 0x0000000085300000|  0%| F|  |TAMS 0x0000000085200000, 0x0000000085200000| Untracked 
|  67|0x0000000085300000, 0x0000000085300000, 0x0000000085400000|  0%| F|  |TAMS 0x0000000085300000, 0x0000000085300000| Untracked 
|  68|0x0000000085400000, 0x0000000085400000, 0x0000000085500000|  0%| F|  |TAMS 0x0000000085400000, 0x0000000085400000| Untracked 
|  69|0x0000000085500000, 0x0000000085500000, 0x0000000085600000|  0%| F|  |TAMS 0x0000000085500000, 0x0000000085500000| Untracked 
|  70|0x0000000085600000, 0x0000000085600000, 0x0000000085700000|  0%| F|  |TAMS 0x0000000085600000, 0x0000000085600000| Untracked 
|  71|0x0000000085700000, 0x0000000085700000, 0x0000000085800000|  0%| F|  |TAMS 0x0000000085700000, 0x0000000085700000| Untracked 
|  72|0x0000000085800000, 0x0000000085800000, 0x0000000085900000|  0%| F|  |TAMS 0x0000000085800000, 0x0000000085800000| Untracked 
|  73|0x0000000085900000, 0x0000000085900000, 0x0000000085a00000|  0%| F|  |TAMS 0x0000000085900000, 0x0000000085900000| Untracked 
|  74|0x0000000085a00000, 0x0000000085afacf8, 0x0000000085b00000| 97%| S|  |TAMS 0x0000000085a00000, 0x0000000085a00000| Complete 
|  75|0x0000000085b00000, 0x0000000085c00000, 0x0000000085c00000|100%| S|  |TAMS 0x0000000085b00000, 0x0000000085b00000| Complete 
|  76|0x0000000085c00000, 0x0000000085d00000, 0x0000000085d00000|100%| S|  |TAMS 0x0000000085c00000, 0x0000000085c00000| Complete 
|  77|0x0000000085d00000, 0x0000000085e00000, 0x0000000085e00000|100%| S|  |TAMS 0x0000000085d00000, 0x0000000085d00000| Complete 
|  78|0x0000000085e00000, 0x0000000085f00000, 0x0000000085f00000|100%| S|  |TAMS 0x0000000085e00000, 0x0000000085e00000| Complete 
|  79|0x0000000085f00000, 0x0000000086000000, 0x0000000086000000|100%| S|  |TAMS 0x0000000085f00000, 0x0000000085f00000| Complete 
|  80|0x0000000086000000, 0x0000000086100000, 0x0000000086100000|100%| S|  |TAMS 0x0000000086000000, 0x0000000086000000| Complete 
|  81|0x0000000086100000, 0x0000000086200000, 0x0000000086200000|100%| S|  |TAMS 0x0000000086100000, 0x0000000086100000| Complete 
|  82|0x0000000086200000, 0x0000000086300000, 0x0000000086300000|100%| E|CS|TAMS 0x0000000086200000, 0x0000000086200000| Complete 
|  83|0x0000000086300000, 0x0000000086400000, 0x0000000086400000|100%| E|CS|TAMS 0x0000000086300000, 0x0000000086300000| Complete 
|  84|0x0000000086400000, 0x0000000086500000, 0x0000000086500000|100%| E|CS|TAMS 0x0000000086400000, 0x0000000086400000| Complete 
|  85|0x0000000086500000, 0x0000000086600000, 0x0000000086600000|100%| E|CS|TAMS 0x0000000086500000, 0x0000000086500000| Complete 
|  86|0x0000000086600000, 0x0000000086700000, 0x0000000086700000|100%| E|CS|TAMS 0x0000000086600000, 0x0000000086600000| Complete 
|  87|0x0000000086700000, 0x0000000086800000, 0x0000000086800000|100%| E|CS|TAMS 0x0000000086700000, 0x0000000086700000| Complete 
|  88|0x0000000086800000, 0x0000000086900000, 0x0000000086900000|100%| E|CS|TAMS 0x0000000086800000, 0x0000000086800000| Complete 
|  89|0x0000000086900000, 0x0000000086a00000, 0x0000000086a00000|100%| E|CS|TAMS 0x0000000086900000, 0x0000000086900000| Complete 
|  90|0x0000000086a00000, 0x0000000086b00000, 0x0000000086b00000|100%| E|CS|TAMS 0x0000000086a00000, 0x0000000086a00000| Complete 
|  91|0x0000000086b00000, 0x0000000086c00000, 0x0000000086c00000|100%| E|CS|TAMS 0x0000000086b00000, 0x0000000086b00000| Complete 
|  92|0x0000000086c00000, 0x0000000086d00000, 0x0000000086d00000|100%| E|CS|TAMS 0x0000000086c00000, 0x0000000086c00000| Complete 
|  93|0x0000000086d00000, 0x0000000086e00000, 0x0000000086e00000|100%| E|CS|TAMS 0x0000000086d00000, 0x0000000086d00000| Complete 
|  94|0x0000000086e00000, 0x0000000086f00000, 0x0000000086f00000|100%| E|CS|TAMS 0x0000000086e00000, 0x0000000086e00000| Complete 
|  95|0x0000000086f00000, 0x0000000087000000, 0x0000000087000000|100%| E|CS|TAMS 0x0000000086f00000, 0x0000000086f00000| Complete 
|  96|0x0000000087000000, 0x0000000087100000, 0x0000000087100000|100%| E|CS|TAMS 0x0000000087000000, 0x0000000087000000| Complete 
|  97|0x0000000087100000, 0x0000000087200000, 0x0000000087200000|100%| E|CS|TAMS 0x0000000087100000, 0x0000000087100000| Complete 
|  98|0x0000000087200000, 0x0000000087300000, 0x0000000087300000|100%| E|CS|TAMS 0x0000000087200000, 0x0000000087200000| Complete 
|  99|0x0000000087300000, 0x0000000087400000, 0x0000000087400000|100%| E|CS|TAMS 0x0000000087300000, 0x0000000087300000| Complete 
| 100|0x0000000087400000, 0x0000000087500000, 0x0000000087500000|100%| E|CS|TAMS 0x0000000087400000, 0x0000000087400000| Complete 
| 101|0x0000000087500000, 0x0000000087600000, 0x0000000087600000|100%| E|CS|TAMS 0x0000000087500000, 0x0000000087500000| Complete 
| 102|0x0000000087600000, 0x0000000087700000, 0x0000000087700000|100%| E|CS|TAMS 0x0000000087600000, 0x0000000087600000| Complete 
| 103|0x0000000087700000, 0x0000000087800000, 0x0000000087800000|100%| E|CS|TAMS 0x0000000087700000, 0x0000000087700000| Complete 
| 104|0x0000000087800000, 0x0000000087900000, 0x0000000087900000|100%| E|CS|TAMS 0x0000000087800000, 0x0000000087800000| Complete 
| 105|0x0000000087900000, 0x0000000087a00000, 0x0000000087a00000|100%| E|CS|TAMS 0x0000000087900000, 0x0000000087900000| Complete 
| 106|0x0000000087a00000, 0x0000000087b00000, 0x0000000087b00000|100%| E|CS|TAMS 0x0000000087a00000, 0x0000000087a00000| Complete 
| 107|0x0000000087b00000, 0x0000000087c00000, 0x0000000087c00000|100%| E|CS|TAMS 0x0000000087b00000, 0x0000000087b00000| Complete 
| 108|0x0000000087c00000, 0x0000000087d00000, 0x0000000087d00000|100%| E|CS|TAMS 0x0000000087c00000, 0x0000000087c00000| Complete 
| 109|0x0000000087d00000, 0x0000000087e00000, 0x0000000087e00000|100%| E|CS|TAMS 0x0000000087d00000, 0x0000000087d00000| Complete 
| 110|0x0000000087e00000, 0x0000000087f00000, 0x0000000087f00000|100%| E|CS|TAMS 0x0000000087e00000, 0x0000000087e00000| Complete 
| 111|0x0000000087f00000, 0x0000000088000000, 0x0000000088000000|100%| E|CS|TAMS 0x0000000087f00000, 0x0000000087f00000| Complete 
| 112|0x0000000088000000, 0x0000000088100000, 0x0000000088100000|100%| E|CS|TAMS 0x0000000088000000, 0x0000000088000000| Complete 
| 113|0x0000000088100000, 0x0000000088200000, 0x0000000088200000|100%| E|CS|TAMS 0x0000000088100000, 0x0000000088100000| Complete 
| 114|0x0000000088200000, 0x0000000088300000, 0x0000000088300000|100%| E|CS|TAMS 0x0000000088200000, 0x0000000088200000| Complete 
| 115|0x0000000088300000, 0x0000000088400000, 0x0000000088400000|100%| E|CS|TAMS 0x0000000088300000, 0x0000000088300000| Complete 
| 116|0x0000000088400000, 0x0000000088500000, 0x0000000088500000|100%| E|CS|TAMS 0x0000000088400000, 0x0000000088400000| Complete 
| 117|0x0000000088500000, 0x0000000088600000, 0x0000000088600000|100%| E|CS|TAMS 0x0000000088500000, 0x0000000088500000| Complete 
| 118|0x0000000088600000, 0x0000000088700000, 0x0000000088700000|100%| E|CS|TAMS 0x0000000088600000, 0x0000000088600000| Complete 
| 119|0x0000000088700000, 0x0000000088800000, 0x0000000088800000|100%| E|CS|TAMS 0x0000000088700000, 0x0000000088700000| Complete 
| 120|0x0000000088800000, 0x0000000088900000, 0x0000000088900000|100%| E|CS|TAMS 0x0000000088800000, 0x0000000088800000| Complete 
| 121|0x0000000088900000, 0x0000000088a00000, 0x0000000088a00000|100%| E|CS|TAMS 0x0000000088900000, 0x0000000088900000| Complete 
| 122|0x0000000088a00000, 0x0000000088b00000, 0x0000000088b00000|100%| E|CS|TAMS 0x0000000088a00000, 0x0000000088a00000| Complete 
| 123|0x0000000088b00000, 0x0000000088c00000, 0x0000000088c00000|100%| E|CS|TAMS 0x0000000088b00000, 0x0000000088b00000| Complete 
| 124|0x0000000088c00000, 0x0000000088d00000, 0x0000000088d00000|100%| E|CS|TAMS 0x0000000088c00000, 0x0000000088c00000| Complete 
| 125|0x0000000088d00000, 0x0000000088e00000, 0x0000000088e00000|100%| E|CS|TAMS 0x0000000088d00000, 0x0000000088d00000| Complete 
| 126|0x0000000088e00000, 0x0000000088f00000, 0x0000000088f00000|100%| E|CS|TAMS 0x0000000088e00000, 0x0000000088e00000| Complete 
| 127|0x0000000088f00000, 0x0000000089000000, 0x0000000089000000|100%| E|CS|TAMS 0x0000000088f00000, 0x0000000088f00000| Complete 
| 128|0x0000000089000000, 0x0000000089100000, 0x0000000089100000|100%| E|CS|TAMS 0x0000000089000000, 0x0000000089000000| Complete 
| 129|0x0000000089100000, 0x0000000089200000, 0x0000000089200000|100%| E|CS|TAMS 0x0000000089100000, 0x0000000089100000| Complete 
| 130|0x0000000089200000, 0x0000000089300000, 0x0000000089300000|100%| E|CS|TAMS 0x0000000089200000, 0x0000000089200000| Complete 
| 131|0x0000000089300000, 0x0000000089400000, 0x0000000089400000|100%| E|CS|TAMS 0x0000000089300000, 0x0000000089300000| Complete 
| 132|0x0000000089400000, 0x0000000089500000, 0x0000000089500000|100%| E|CS|TAMS 0x0000000089400000, 0x0000000089400000| Complete 
| 133|0x0000000089500000, 0x0000000089600000, 0x0000000089600000|100%| E|CS|TAMS 0x0000000089500000, 0x0000000089500000| Complete 
| 134|0x0000000089600000, 0x0000000089700000, 0x0000000089700000|100%| E|CS|TAMS 0x0000000089600000, 0x0000000089600000| Complete 
| 135|0x0000000089700000, 0x0000000089800000, 0x0000000089800000|100%| E|CS|TAMS 0x0000000089700000, 0x0000000089700000| Complete 
| 136|0x0000000089800000, 0x0000000089900000, 0x0000000089900000|100%| E|CS|TAMS 0x0000000089800000, 0x0000000089800000| Complete 
| 137|0x0000000089900000, 0x0000000089a00000, 0x0000000089a00000|100%| E|CS|TAMS 0x0000000089900000, 0x0000000089900000| Complete 
| 138|0x0000000089a00000, 0x0000000089b00000, 0x0000000089b00000|100%| E|CS|TAMS 0x0000000089a00000, 0x0000000089a00000| Complete 
| 139|0x0000000089b00000, 0x0000000089c00000, 0x0000000089c00000|100%| E|CS|TAMS 0x0000000089b00000, 0x0000000089b00000| Complete 
| 140|0x0000000089c00000, 0x0000000089d00000, 0x0000000089d00000|100%| E|CS|TAMS 0x0000000089c00000, 0x0000000089c00000| Complete 
| 141|0x0000000089d00000, 0x0000000089e00000, 0x0000000089e00000|100%| E|CS|TAMS 0x0000000089d00000, 0x0000000089d00000| Complete 
| 142|0x0000000089e00000, 0x0000000089f00000, 0x0000000089f00000|100%| E|CS|TAMS 0x0000000089e00000, 0x0000000089e00000| Complete 
| 143|0x0000000089f00000, 0x000000008a000000, 0x000000008a000000|100%| E|CS|TAMS 0x0000000089f00000, 0x0000000089f00000| Complete 
| 144|0x000000008a000000, 0x000000008a100000, 0x000000008a100000|100%| E|CS|TAMS 0x000000008a000000, 0x000000008a000000| Complete 
| 145|0x000000008a100000, 0x000000008a200000, 0x000000008a200000|100%| E|CS|TAMS 0x000000008a100000, 0x000000008a100000| Complete 
| 146|0x000000008a200000, 0x000000008a300000, 0x000000008a300000|100%| E|CS|TAMS 0x000000008a200000, 0x000000008a200000| Complete 
| 147|0x000000008a300000, 0x000000008a400000, 0x000000008a400000|100%| E|CS|TAMS 0x000000008a300000, 0x000000008a300000| Complete 
| 148|0x000000008a400000, 0x000000008a500000, 0x000000008a500000|100%| E|CS|TAMS 0x000000008a400000, 0x000000008a400000| Complete 
| 149|0x000000008a500000, 0x000000008a600000, 0x000000008a600000|100%| E|CS|TAMS 0x000000008a500000, 0x000000008a500000| Complete 
| 150|0x000000008a600000, 0x000000008a700000, 0x000000008a700000|100%| E|CS|TAMS 0x000000008a600000, 0x000000008a600000| Complete 
| 151|0x000000008a700000, 0x000000008a800000, 0x000000008a800000|100%| E|CS|TAMS 0x000000008a700000, 0x000000008a700000| Complete 
| 152|0x000000008a800000, 0x000000008a900000, 0x000000008a900000|100%| E|CS|TAMS 0x000000008a800000, 0x000000008a800000| Complete 
| 153|0x000000008a900000, 0x000000008aa00000, 0x000000008aa00000|100%| E|CS|TAMS 0x000000008a900000, 0x000000008a900000| Complete 

Card table byte_map: [0x0000019f7a8c0000,0x0000019f7acc0000] _byte_map_base: 0x0000019f7a4b8000

Marking Bits (Prev, Next): (CMBitMap*) 0x0000019f71dceff8, (CMBitMap*) 0x0000019f71dcf030
 Prev Bits: [0x0000019f7b0c0000, 0x0000019f7d080000)
 Next Bits: [0x0000019f7d080000, 0x0000019f7f040000)

Polling page: 0x0000019f6fd40000

Metaspace:

Usage:
  Non-class:     49.21 MB capacity,    48.41 MB ( 98%) used,   645.11 KB (  1%) free+waste,   171.00 KB ( <1%) overhead. 
      Class:      7.23 MB capacity,     6.70 MB ( 93%) used,   470.63 KB (  6%) free+waste,    79.50 KB (  1%) overhead. 
       Both:     56.44 MB capacity,    55.11 MB ( 98%) used,     1.09 MB (  2%) free+waste,   250.50 KB ( <1%) overhead. 

Virtual space:
  Non-class space:       50.00 MB reserved,      49.42 MB ( 99%) committed 
      Class space:        1.00 GB reserved,       7.32 MB ( <1%) committed 
             Both:        1.05 GB reserved,      56.75 MB (  5%) committed 

Chunk freelists:
   Non-Class:  25.00 KB
       Class:  17.00 KB
        Both:  42.00 KB

MaxMetaspaceSize: 17179869184.00 GB
CompressedClassSpaceSize: 1.00 GB
Initial GC threshold: 20.80 MB
Current GC threshold: 58.95 MB
CDS: off

CodeHeap 'non-profiled nmethods': size=120064Kb used=2908Kb max_used=2908Kb free=117155Kb
 bounds [0x0000019f07ac0000, 0x0000019f07da0000, 0x0000019f0f000000]
CodeHeap 'profiled nmethods': size=120000Kb used=10679Kb max_used=10679Kb free=109320Kb
 bounds [0x0000019f00590000, 0x0000019f01000000, 0x0000019f07ac0000]
CodeHeap 'non-nmethods': size=5696Kb used=1283Kb max_used=1301Kb free=4412Kb
 bounds [0x0000019f00000000, 0x0000019f00270000, 0x0000019f00590000]
 total_blobs=5279 nmethods=4702 adapters=488
 compilation: enabled
              stopped_count=0, restarted_count=0
 full_count=0

Compilation events (20 events):
Event: 6.042 Thread 0x0000019f7f556800 nmethod 4711 0x0000019f00ffc610 code [0x0000019f00ffc7c0, 0x0000019f00ffc918]
Event: 6.042 Thread 0x0000019f7f556800 4712       3       org.apache.logging.log4j.spi.AbstractLogger::narrow (21 bytes)
Event: 6.043 Thread 0x0000019f7f556800 nmethod 4712 0x0000019f00ffca10 code [0x0000019f00ffcbe0, 0x0000019f00ffcf88]
Event: 6.048 Thread 0x0000019f11953800 4713       4       java.io.WinNTFileSystem::prefixLength (91 bytes)
Event: 6.051 Thread 0x0000019f11953800 nmethod 4713 0x0000019f07d94590 code [0x0000019f07d94760, 0x0000019f07d94ac8]
Event: 6.051 Thread 0x0000019f11953800 4714       4       java.util.ArrayDeque::add (7 bytes)
Event: 6.052 Thread 0x0000019f11953800 nmethod 4714 0x0000019f07d94e90 code [0x0000019f07d95020, 0x0000019f07d95238]
Event: 6.063 Thread 0x0000019f11953800 4715       4       java.util.concurrent.CopyOnWriteArrayList::get (9 bytes)
Event: 6.064 Thread 0x0000019f11953800 nmethod 4715 0x0000019f07d95390 code [0x0000019f07d95520, 0x0000019f07d955b8]
Event: 6.066 Thread 0x0000019f7f556800 4716       3       org.hibernate.internal.util.collections.JoinedIterator::updateCurrentIterator (101 bytes)
Event: 6.066 Thread 0x0000019f7f556800 nmethod 4716 0x0000019f00ffd090 code [0x0000019f00ffd2a0, 0x0000019f00ffd8e8]
Event: 6.072 Thread 0x0000019f11953800 4717       4       java.security.SecureClassLoader::getProtectionDomain (38 bytes)
Event: 6.075 Thread 0x0000019f11953800 nmethod 4717 0x0000019f07d95690 code [0x0000019f07d95860, 0x0000019f07d95ae8]
Event: 6.079 Thread 0x0000019f11953800 4718       4       java.security.CodeSource::matchCerts (254 bytes)
Event: 6.080 Thread 0x0000019f11953800 nmethod 4718 0x0000019f07d95d10 code [0x0000019f07d95ea0, 0x0000019f07d95f98]
Event: 6.085 Thread 0x0000019f11953800 4719       4       java.util.zip.ZipFile$InflaterCleanupAction::run (12 bytes)
Event: 6.089 Thread 0x0000019f7f556800 4721       3       java.util.Arrays$ArrayList::get (7 bytes)
Event: 6.089 Thread 0x0000019f7f556800 nmethod 4721 0x0000019f00ffda90 code [0x0000019f00ffdc40, 0x0000019f00ffdd78]
Event: 6.090 Thread 0x0000019f11953800 nmethod 4719 0x0000019f07d96110 code [0x0000019f07d962e0, 0x0000019f07d96cc8]
Event: 6.090 Thread 0x0000019f11953800 4720   !   4       java.util.zip.ZipFile$CleanableResource::releaseInflater (53 bytes)

GC Heap History (17 events):
Event: 0.584 GC heap before
{Heap before GC invocations=0 (full 0):
 garbage-first heap   total 131072K, used 14336K [0x0000000081000000, 0x0000000100000000)
  region size 1024K, 14 young (14336K), 0 survivors (0K)
 Metaspace       used 9354K, capacity 9520K, committed 9600K, reserved 1058816K
  class space    used 836K, capacity 872K, committed 896K, reserved 1048576K
}
Event: 0.591 GC heap after
{Heap after GC invocations=1 (full 0):
 garbage-first heap   total 131072K, used 6904K [0x0000000081000000, 0x0000000100000000)
  region size 1024K, 2 young (2048K), 2 survivors (2048K)
 Metaspace       used 9354K, capacity 9520K, committed 9600K, reserved 1058816K
  class space    used 836K, capacity 872K, committed 896K, reserved 1048576K
}
Event: 0.760 GC heap before
{Heap before GC invocations=1 (full 0):
 garbage-first heap   total 131072K, used 17144K [0x0000000081000000, 0x0000000100000000)
  region size 1024K, 12 young (12288K), 2 survivors (2048K)
 Metaspace       used 10864K, capacity 11023K, committed 11136K, reserved 1058816K
  class space    used 1027K, capacity 1099K, committed 1152K, reserved 1048576K
}
Event: 0.762 GC heap after
{Heap after GC invocations=2 (full 0):
 garbage-first heap   total 131072K, used 7374K [0x0000000081000000, 0x0000000100000000)
  region size 1024K, 1 young (1024K), 1 survivors (1024K)
 Metaspace       used 10864K, capacity 11023K, committed 11136K, reserved 1058816K
  class space    used 1027K, capacity 1099K, committed 1152K, reserved 1048576K
}
Event: 1.770 GC heap before
{Heap before GC invocations=2 (full 0):
 garbage-first heap   total 131072K, used 36046K [0x0000000081000000, 0x0000000100000000)
  region size 1024K, 29 young (29696K), 1 survivors (1024K)
 Metaspace       used 15912K, capacity 16227K, committed 16384K, reserved 1064960K
  class space    used 1629K, capacity 1759K, committed 1792K, reserved 1048576K
}
Event: 1.782 GC heap after
{Heap after GC invocations=3 (full 0):
 garbage-first heap   total 131072K, used 8592K [0x0000000081000000, 0x0000000100000000)
  region size 1024K, 2 young (2048K), 2 survivors (2048K)
 Metaspace       used 15912K, capacity 16227K, committed 16384K, reserved 1064960K
  class space    used 1629K, capacity 1759K, committed 1792K, reserved 1048576K
}
Event: 2.284 GC heap before
{Heap before GC invocations=3 (full 0):
 garbage-first heap   total 131072K, used 36240K [0x0000000081000000, 0x0000000100000000)
  region size 1024K, 30 young (30720K), 2 survivors (2048K)
 Metaspace       used 20731K, capacity 21200K, committed 21296K, reserved 1069056K
  class space    used 2209K, capacity 2421K, committed 2432K, reserved 1048576K
}
Event: 2.287 GC heap after
{Heap after GC invocations=4 (full 0):
 garbage-first heap   total 131072K, used 9687K [0x0000000081000000, 0x0000000100000000)
  region size 1024K, 3 young (3072K), 3 survivors (3072K)
 Metaspace       used 20731K, capacity 21200K, committed 21296K, reserved 1069056K
  class space    used 2209K, capacity 2421K, committed 2432K, reserved 1048576K
}
Event: 2.822 GC heap before
{Heap before GC invocations=5 (full 0):
 garbage-first heap   total 131072K, used 63959K [0x0000000081000000, 0x0000000100000000)
  region size 1024K, 56 young (57344K), 3 survivors (3072K)
 Metaspace       used 26080K, capacity 26723K, committed 27004K, reserved 1073152K
  class space    used 2877K, capacity 3150K, committed 3276K, reserved 1048576K
}
Event: 2.826 GC heap after
{Heap after GC invocations=6 (full 0):
 garbage-first heap   total 131072K, used 11818K [0x0000000081000000, 0x0000000100000000)
  region size 1024K, 5 young (5120K), 5 survivors (5120K)
 Metaspace       used 26080K, capacity 26723K, committed 27004K, reserved 1073152K
  class space    used 2877K, capacity 3150K, committed 3276K, reserved 1048576K
}
Event: 3.569 GC heap before
{Heap before GC invocations=6 (full 0):
 garbage-first heap   total 131072K, used 76330K [0x0000000081000000, 0x0000000100000000)
  region size 1024K, 68 young (69632K), 5 survivors (5120K)
 Metaspace       used 30601K, capacity 31543K, committed 31740K, reserved 1077248K
  class space    used 3453K, capacity 3806K, committed 3916K, reserved 1048576K
}
Event: 3.576 GC heap after
{Heap after GC invocations=7 (full 0):
 garbage-first heap   total 131072K, used 13354K [0x0000000081000000, 0x0000000100000000)
  region size 1024K, 6 young (6144K), 6 survivors (6144K)
 Metaspace       used 30601K, capacity 31543K, committed 31740K, reserved 1077248K
  class space    used 3453K, capacity 3806K, committed 3916K, reserved 1048576K
}
Event: 4.107 GC heap before
{Heap before GC invocations=7 (full 0):
 garbage-first heap   total 131072K, used 44074K [0x0000000081000000, 0x0000000100000000)
  region size 1024K, 37 young (37888K), 6 survivors (6144K)
 Metaspace       used 34749K, capacity 35872K, committed 35964K, reserved 1081344K
  class space    used 4042K, capacity 4473K, committed 4556K, reserved 1048576K
}
Event: 4.117 GC heap after
{Heap after GC invocations=8 (full 0):
 garbage-first heap   total 131072K, used 15576K [0x0000000081000000, 0x0000000100000000)
  region size 1024K, 7 young (7168K), 7 survivors (7168K)
 Metaspace       used 34749K, capacity 35872K, committed 35964K, reserved 1081344K
  class space    used 4042K, capacity 4473K, committed 4556K, reserved 1048576K
}
Event: 4.987 GC heap before
{Heap before GC invocations=9 (full 0):
 garbage-first heap   total 131072K, used 79064K [0x0000000081000000, 0x0000000100000000)
  region size 1024K, 69 young (70656K), 7 survivors (7168K)
 Metaspace       used 43131K, capacity 44382K, committed 44668K, reserved 1089536K
  class space    used 4964K, capacity 5477K, committed 5580K, reserved 1048576K
}
Event: 4.996 GC heap after
{Heap after GC invocations=10 (full 0):
 garbage-first heap   total 157696K, used 18804K [0x0000000081000000, 0x0000000100000000)
  region size 1024K, 8 young (8192K), 8 survivors (8192K)
 Metaspace       used 43131K, capacity 44382K, committed 44668K, reserved 1089536K
  class space    used 4964K, capacity 5477K, committed 5580K, reserved 1048576K
}
Event: 6.092 GC heap before
{Heap before GC invocations=10 (full 0):
 garbage-first heap   total 157696K, used 91508K [0x0000000081000000, 0x0000000100000000)
  region size 1024K, 80 young (81920K), 8 survivors (8192K)
 Metaspace       used 56431K, capacity 57798K, committed 58108K, reserved 1099776K
  class space    used 6856K, capacity 7407K, committed 7500K, reserved 1048576K
}

Deoptimization events (20 events):
Event: 5.271 Thread 0x0000019f11e80800 DEOPT PACKING pc=0x0000019f00e60817 sp=0x0000001f8cbf6990
Event: 5.271 Thread 0x0000019f11e80800 DEOPT UNPACKING pc=0x0000019f0004a95e sp=0x0000001f8cbf5f18 mode 0
Event: 5.279 Thread 0x0000019f11e80800 DEOPT PACKING pc=0x0000019f00e65050 sp=0x0000001f8cbf8250
Event: 5.279 Thread 0x0000019f11e80800 DEOPT UNPACKING pc=0x0000019f0004a95e sp=0x0000001f8cbf76d8 mode 0
Event: 5.296 Thread 0x0000019f11e80800 DEOPT PACKING pc=0x0000019f00e1fa68 sp=0x0000001f8cbfbd60
Event: 5.296 Thread 0x0000019f11e80800 DEOPT UNPACKING pc=0x0000019f0004a95e sp=0x0000001f8cbfb268 mode 0
Event: 5.319 Thread 0x0000019f11e80800 Uncommon trap: trap_request=0xfffffff4 fr.pc=0x0000019f07c2ad3c relative=0x000000000000075c
Event: 5.319 Thread 0x0000019f11e80800 Uncommon trap: reason=null_check action=make_not_entrant pc=0x0000019f07c2ad3c method=org.springframework.beans.factory.support.DefaultListableBeanFactory.getBeanDefinition(Ljava/lang/String;)Lorg/springframework/beans/factory/config/BeanDefinition; @ 10 
Event: 5.319 Thread 0x0000019f11e80800 DEOPT PACKING pc=0x0000019f07c2ad3c sp=0x0000001f8cbfcb70
Event: 5.319 Thread 0x0000019f11e80800 DEOPT UNPACKING pc=0x0000019f0004a1af sp=0x0000001f8cbfcaa8 mode 2
Event: 5.332 Thread 0x0000019f11e80800 Uncommon trap: trap_request=0xffffff4d fr.pc=0x0000019f07cf8a10 relative=0x00000000000047b0
Event: 5.332 Thread 0x0000019f11e80800 Uncommon trap: reason=unstable_if action=reinterpret pc=0x0000019f07cf8a10 method=java.net.URL.<init>(Ljava/net/URL;Ljava/lang/String;Ljava/net/URLStreamHandler;)V @ 57 c2
Event: 5.333 Thread 0x0000019f11e80800 DEOPT PACKING pc=0x0000019f07cf8a10 sp=0x0000001f8cbfbba0
Event: 5.333 Thread 0x0000019f11e80800 DEOPT UNPACKING pc=0x0000019f0004a1af sp=0x0000001f8cbfbb70 mode 2
Event: 5.333 Thread 0x0000019f11e80800 Uncommon trap: trap_request=0xffffff4d fr.pc=0x0000019f07cb499c relative=0x0000000000003bfc
Event: 5.333 Thread 0x0000019f11e80800 Uncommon trap: reason=unstable_if action=reinterpret pc=0x0000019f07cb499c method=java.net.URLStreamHandler.parseURL(Ljava/net/URL;Ljava/lang/String;II)V @ 57 c2
Event: 5.333 Thread 0x0000019f11e80800 DEOPT PACKING pc=0x0000019f07cb499c sp=0x0000001f8cbfba10
Event: 5.334 Thread 0x0000019f11e80800 DEOPT UNPACKING pc=0x0000019f0004a1af sp=0x0000001f8cbfb9e0 mode 2
Event: 5.636 Thread 0x0000019f11e80800 DEOPT PACKING pc=0x0000019f00e65050 sp=0x0000001f8cbfac30
Event: 5.636 Thread 0x0000019f11e80800 DEOPT UNPACKING pc=0x0000019f0004a95e sp=0x0000001f8cbfa0b8 mode 0

Classes redefined (0 events):
No events

Internal exceptions (20 events):
Event: 4.058 Thread 0x0000019f11e80800 Exception <a 'java/lang/NoSuchMethodError'{0x0000000087437c80}: 'java.lang.Object java.lang.invoke.DirectMethodHandle$Holder.invokeStaticInit(java.lang.Object, java.lang.Object, int, int, int, int)'> (0x0000000087437c80) thrown at [./src/hotspot/share/interpreter/linkResolver.cpp, line 773]
Event: 4.223 Thread 0x0000019f11e80800 Exception <a 'sun/nio/fs/WindowsException'{0x0000000088790808}> (0x0000000088790808) thrown at [./src/hotspot/share/prims/jni.cpp, line 616]
Event: 4.224 Thread 0x0000019f11e80800 Exception <a 'sun/nio/fs/WindowsException'{0x0000000088796618}> (0x0000000088796618) thrown at [./src/hotspot/share/prims/jni.cpp, line 616]
Event: 4.224 Thread 0x0000019f11e80800 Exception <a 'sun/nio/fs/WindowsException'{0x0000000088796cf0}> (0x0000000088796cf0) thrown at [./src/hotspot/share/prims/jni.cpp, line 616]
Event: 4.274 Thread 0x0000019f11e80800 Implicit null exception at 0x0000019f07bbdfc4 to 0x0000019f07bc164c
Event: 4.334 Thread 0x0000019f11e80800 Exception <a 'java/io/FileNotFoundException'{0x0000000087e90df0}> (0x0000000087e90df0) thrown at [./src/hotspot/share/prims/jni.cpp, line 616]
Event: 4.366 Thread 0x0000019f11e80800 Exception <a 'java/lang/NoSuchMethodError'{0x0000000087c58848}: 'int java.lang.invoke.DirectMethodHandle$Holder.invokeInterface(java.lang.Object, java.lang.Object, java.lang.Object, java.lang.Object)'> (0x0000000087c58848) thrown at [./src/hotspot/share/interpreter/linkResolver.cpp, line 773]
Event: 4.647 Thread 0x0000019f11e80800 Exception <a 'java/lang/NoSuchMethodError'{0x00000000861aa088}: 'java.lang.Object java.lang.invoke.DirectMethodHandle$Holder.invokeStaticInit(java.lang.Object, java.lang.Object, java.lang.Object, java.lang.Object)'> (0x00000000861aa088) thrown at [./src/hotspot/share/interpreter/linkResolver.cpp, line 773]
Event: 4.712 Thread 0x0000019f11e80800 Exception <a 'java/io/FileNotFoundException'{0x0000000085d95040}> (0x0000000085d95040) thrown at [./src/hotspot/share/prims/jni.cpp, line 616]
Event: 4.764 Thread 0x0000019f11e80800 Exception <a 'java/lang/NoSuchMethodError'{0x00000000858f6420}: 'java.lang.Object java.lang.invoke.DirectMethodHandle$Holder.invokeVirtual(java.lang.Object, java.lang.Object, int)'> (0x00000000858f6420) thrown at [./src/hotspot/share/interpreter/linkResolver.cpp, line 773]
Event: 4.771 Thread 0x0000019f11e80800 Exception <a 'java/lang/NoSuchMethodError'{0x000000008576f530}: 'int java.lang.invoke.DirectMethodHandle$Holder.invokeSpecialIFC(java.lang.Object, java.lang.Object, java.lang.Object)'> (0x000000008576f530) thrown at [./src/hotspot/share/interpreter/linkResolver.cpp, line 773]
Event: 4.866 Thread 0x0000019f11e80800 Exception <a 'java/lang/NoSuchMethodError'{0x00000000851ed4e0}: 'java.lang.Object java.lang.invoke.DirectMethodHandle$Holder.invokeSpecial(java.lang.Object, java.lang.Object, java.lang.Object, java.lang.Object, java.lang.Object, int, java.lang.Object)'> (0x00000000851ed4e0) thrown at [./src/hotspot/share/interpreter/linkResolver.cpp, line 773]
Event: 4.916 Thread 0x0000019f11e80800 Implicit null exception at 0x0000019f07aef874 to 0x0000019f07aefd78
Event: 5.009 Thread 0x0000019f11e80800 Exception <a 'java/lang/NoSuchMethodError'{0x000000008a96fcb0}: 'java.lang.Object java.lang.invoke.Invokers$Holder.linkToTargetMethod(java.lang.Object, int, java.lang.Object)'> (0x000000008a96fcb0) thrown at [./src/hotspot/share/interpreter/linkResolver.cpp, line 773]
Event: 5.071 Thread 0x0000019f11e80800 Exception <a 'java/lang/NoSuchMethodError'{0x000000008a5cbbd0}: 'java.lang.Object java.lang.invoke.DirectMethodHandle$Holder.invokeSpecial(java.lang.Object, java.lang.Object, java.lang.Object, java.lang.Object, int)'> (0x000000008a5cbbd0) thrown at [./src/hotspot/share/interpreter/linkResolver.cpp, line 773]
Event: 5.073 Thread 0x0000019f11e80800 Exception <a 'java/lang/NoSuchMethodError'{0x000000008a5d2e00}: 'java.lang.Object java.lang.invoke.DirectMethodHandle$Holder.invokeSpecial(java.lang.Object, java.lang.Object, java.lang.Object, java.lang.Object, java.lang.Object, int)'> (0x000000008a5d2e00) thrown at [./src/hotspot/share/interpreter/linkResolver.cpp, line 773]
Event: 5.073 Thread 0x0000019f11e80800 Exception <a 'java/lang/NoSuchMethodError'{0x000000008a5d6250}: 'java.lang.Object java.lang.invoke.Invokers$Holder.linkToTargetMethod(java.lang.Object, java.lang.Object, java.lang.Object, int, java.lang.Object)'> (0x000000008a5d6250) thrown at [./src/hotspot/share/interpreter/linkResolver.cpp, line 773]
Event: 5.315 Thread 0x0000019f11e80800 Exception <a 'java/lang/NoSuchMethodError'{0x0000000089407e50}: 'int java.lang.invoke.DirectMethodHandle$Holder.invokeVirtual(java.lang.Object, java.lang.Object, java.lang.Object)'> (0x0000000089407e50) thrown at [./src/hotspot/share/interpreter/linkResolver.cpp, line 773]
Event: 5.319 Thread 0x0000019f11e80800 Implicit null exception at 0x0000019f07c2aaf7 to 0x0000019f07c2ad2c
Event: 5.951 Thread 0x0000019f11e80800 Exception <a 'java/lang/NoSuchMethodError'{0x0000000086da6908}: 'java.lang.Object java.lang.invoke.DirectMethodHandle$Holder.newInvokeSpecial(java.lang.Object, java.lang.Object, int, java.lang.Object, java.lang.Object)'> (0x0000000086da6908) thrown at [./src/hotspot/share/interpreter/linkResolver.cpp, line 773]

Events (20 events):
Event: 6.089 loading class net/bytebuddy/dynamic/DynamicType$Builder$AbstractBase$Adapter$MethodMatchAdapter done
Event: 6.089 loading class net/bytebuddy/dynamic/DynamicType$Builder$MethodDefinition$ImplementationDefinition$AbstractBase
Event: 6.089 loading class net/bytebuddy/dynamic/DynamicType$Builder$MethodDefinition$ImplementationDefinition$AbstractBase done
Event: 6.090 loading class net/bytebuddy/dynamic/scaffold/MethodRegistry$Handler$ForImplementation
Event: 6.090 loading class net/bytebuddy/dynamic/scaffold/MethodRegistry$Handler$ForImplementation done
Event: 6.090 loading class net/bytebuddy/dynamic/scaffold/MethodRegistry$Handler$Compiled
Event: 6.090 loading class net/bytebuddy/dynamic/scaffold/MethodRegistry$Handler$Compiled done
Event: 6.090 loading class net/bytebuddy/dynamic/DynamicType$Builder$AbstractBase$Adapter$MethodMatchAdapter$AnnotationAdapter
Event: 6.090 loading class net/bytebuddy/dynamic/DynamicType$Builder$AbstractBase$Adapter$MethodMatchAdapter$AnnotationAdapter done
Event: 6.090 loading class net/bytebuddy/dynamic/DynamicType$Builder$MethodDefinition$AbstractBase$Adapter
Event: 6.090 loading class net/bytebuddy/dynamic/DynamicType$Builder$MethodDefinition$AbstractBase$Adapter done
Event: 6.090 loading class net/bytebuddy/dynamic/DynamicType$Builder$MethodDefinition$ReceiverTypeDefinition$AbstractBase
Event: 6.090 loading class net/bytebuddy/dynamic/DynamicType$Builder$MethodDefinition$ReceiverTypeDefinition$AbstractBase done
Event: 6.091 loading class net/bytebuddy/dynamic/DynamicType$Builder$MethodDefinition$AbstractBase
Event: 6.091 loading class net/bytebuddy/dynamic/DynamicType$Builder$MethodDefinition$AbstractBase done
Event: 6.091 loading class net/bytebuddy/dynamic/Transformer
Event: 6.091 loading class net/bytebuddy/dynamic/Transformer done
Event: 6.091 loading class net/bytebuddy/implementation/attribute/MethodAttributeAppender$NoOp
Event: 6.091 loading class net/bytebuddy/implementation/attribute/MethodAttributeAppender$NoOp done
Event: 6.091 Executing VM operation: G1CollectForAllocation


Dynamic libraries:
0x00007ff732b30000 - 0x00007ff732b3d000 	C:\Users\Silva\.jdks\corretto-11.0.14\bin\java.exe
0x00007ffc33950000 - 0x00007ffc33b45000 	C:\Windows\SYSTEM32\ntdll.dll
0x00007ffc328a0000 - 0x00007ffc3295e000 	C:\Windows\System32\KERNEL32.DLL
0x00007ffc31540000 - 0x00007ffc31808000 	C:\Windows\System32\KERNELBASE.dll
0x00007ffc2ee50000 - 0x00007ffc2ee67000 	C:\Users\Silva\.jdks\corretto-11.0.14\bin\jli.dll
0x00007ffc313c0000 - 0x00007ffc314c0000 	C:\Windows\System32\ucrtbase.dll
0x00007ffc138f0000 - 0x00007ffc13909000 	C:\Users\Silva\.jdks\corretto-11.0.14\bin\VCRUNTIME140.dll
0x00007ffc30460000 - 0x00007ffc306fa000 	C:\Windows\WinSxS\amd64_microsoft.windows.common-controls_6595b64144ccf1df_6.0.19041.1110_none_60b5254171f9507e\COMCTL32.dll
0x00007ffc327d0000 - 0x00007ffc3286e000 	C:\Windows\System32\msvcrt.dll
0x00007ffc32870000 - 0x00007ffc3289b000 	C:\Windows\System32\GDI32.dll
0x00007ffc318b0000 - 0x00007ffc318d2000 	C:\Windows\System32\win32u.dll
0x00007ffc31060000 - 0x00007ffc3116d000 	C:\Windows\System32\gdi32full.dll
0x00007ffc31810000 - 0x00007ffc318ad000 	C:\Windows\System32\msvcp_win.dll
0x00007ffc32c20000 - 0x00007ffc32dc1000 	C:\Windows\System32\USER32.dll
0x00007ffc32000000 - 0x00007ffc32030000 	C:\Windows\System32\IMM32.DLL
0x00007ffc06b80000 - 0x00007ffc06c1b000 	C:\Users\Silva\.jdks\corretto-11.0.14\bin\msvcp140.dll
0x00007ffbd3f70000 - 0x00007ffbd4af3000 	C:\Users\Silva\.jdks\corretto-11.0.14\bin\server\jvm.dll
0x00007ffc31990000 - 0x00007ffc31a3e000 	C:\Windows\System32\ADVAPI32.dll
0x00007ffc31f60000 - 0x00007ffc31ffc000 	C:\Windows\System32\sechost.dll
0x00007ffc32af0000 - 0x00007ffc32c15000 	C:\Windows\System32\RPCRT4.dll
0x00007ffc320a0000 - 0x00007ffc320a8000 	C:\Windows\System32\PSAPI.DLL
0x00007ffc1e9c0000 - 0x00007ffc1e9c9000 	C:\Windows\SYSTEM32\WSOCK32.dll
0x00007ffc28980000 - 0x00007ffc289a7000 	C:\Windows\SYSTEM32\WINMM.dll
0x00007ffc32960000 - 0x00007ffc329cb000 	C:\Windows\System32\WS2_32.dll
0x00007ffc2de00000 - 0x00007ffc2de0a000 	C:\Windows\SYSTEM32\VERSION.dll
0x00007ffc2e1d0000 - 0x00007ffc2e1e2000 	C:\Windows\SYSTEM32\kernel.appcore.dll
0x00007ffc2ef10000 - 0x00007ffc2ef20000 	C:\Users\Silva\.jdks\corretto-11.0.14\bin\verify.dll
0x00007ffc30a80000 - 0x00007ffc30c64000 	C:\Windows\SYSTEM32\DBGHELP.DLL
0x00007ffc30830000 - 0x00007ffc3085c000 	C:\Windows\SYSTEM32\dbgcore.DLL
0x00007ffc31170000 - 0x00007ffc311f2000 	C:\Windows\System32\bcryptPrimitives.dll
0x00007ffc138c0000 - 0x00007ffc138e8000 	C:\Users\Silva\.jdks\corretto-11.0.14\bin\java.dll
0x00007ffc17440000 - 0x00007ffc1744a000 	C:\Users\Silva\.jdks\corretto-11.0.14\bin\jimage.dll
0x00007ffc15960000 - 0x00007ffc1596e000 	C:\Users\Silva\.jdks\corretto-11.0.14\bin\instrument.dll
0x00007ffc0d620000 - 0x00007ffc0d638000 	C:\Users\Silva\.jdks\corretto-11.0.14\bin\zip.dll
0x00007ffc33110000 - 0x00007ffc33854000 	C:\Windows\System32\SHELL32.dll
0x00007ffc2e490000 - 0x00007ffc2ec25000 	C:\Windows\SYSTEM32\windows.storage.dll
0x00007ffc31c00000 - 0x00007ffc31f55000 	C:\Windows\System32\combase.dll
0x00007ffc303c0000 - 0x00007ffc303ee000 	C:\Windows\SYSTEM32\Wldp.dll
0x00007ffc32fe0000 - 0x00007ffc3308d000 	C:\Windows\System32\SHCORE.dll
0x00007ffc330b0000 - 0x00007ffc33105000 	C:\Windows\System32\shlwapi.dll
0x00007ffc30fa0000 - 0x00007ffc30fbf000 	C:\Windows\SYSTEM32\profapi.dll
0x00007ffc0d600000 - 0x00007ffc0d619000 	C:\Users\Silva\.jdks\corretto-11.0.14\bin\net.dll
0x00007ffc27450000 - 0x00007ffc2755c000 	C:\Windows\SYSTEM32\WINHTTP.dll
0x00007ffc30110000 - 0x00007ffc3017a000 	C:\Windows\system32\mswsock.dll
0x00007ffc0cff0000 - 0x00007ffc0d003000 	C:\Users\Silva\.jdks\corretto-11.0.14\bin\nio.dll
0x00007ffc0cfc0000 - 0x00007ffc0cfda000 	C:\Program Files\JetBrains\IntelliJ IDEA Community Edition 2021.2.3\bin\breakgen64.dll
0x00007ffc12160000 - 0x00007ffc12169000 	C:\Users\Silva\.jdks\corretto-11.0.14\bin\management.dll
0x00007ffc0cfe0000 - 0x00007ffc0cfeb000 	C:\Users\Silva\.jdks\corretto-11.0.14\bin\management_ext.dll
0x00007ffc07f90000 - 0x00007ffc07fa7000 	C:\Windows\system32\napinsp.dll
0x00007ffc07f70000 - 0x00007ffc07f8b000 	C:\Windows\system32\pnrpnsp.dll
0x00007ffc15890000 - 0x00007ffc158a5000 	C:\Windows\system32\wshbth.dll
0x00007ffc2ed20000 - 0x00007ffc2ed3d000 	C:\Windows\system32\NLAapi.dll
0x00007ffc2fe10000 - 0x00007ffc2fe4b000 	C:\Windows\SYSTEM32\IPHLPAPI.DLL
0x00007ffc2fe50000 - 0x00007ffc2ff1b000 	C:\Windows\SYSTEM32\DNSAPI.dll
0x00007ffc32030000 - 0x00007ffc32038000 	C:\Windows\System32\NSI.dll
0x00007ffc07f50000 - 0x00007ffc07f62000 	C:\Windows\System32\winrnr.dll
0x00007ffc26a00000 - 0x00007ffc26a0a000 	C:\Windows\System32\rasadhlp.dll
0x00007ffc23710000 - 0x00007ffc2378f000 	C:\Windows\System32\fwpuclnt.dll
0x00007ffc31510000 - 0x00007ffc31537000 	C:\Windows\System32\bcrypt.dll
0x00007ffc30de0000 - 0x00007ffc30df8000 	C:\Windows\SYSTEM32\CRYPTSP.dll
0x00007ffc2fac0000 - 0x00007ffc2faf4000 	C:\Windows\system32\rsaenh.dll
0x00007ffc30f60000 - 0x00007ffc30f8e000 	C:\Windows\SYSTEM32\USERENV.dll
0x00007ffc30200000 - 0x00007ffc3020c000 	C:\Windows\SYSTEM32\CRYPTBASE.dll
0x00007ffc2af30000 - 0x00007ffc2af47000 	C:\Windows\SYSTEM32\dhcpcsvc6.DLL
0x00007ffc2aec0000 - 0x00007ffc2aedd000 	C:\Windows\SYSTEM32\dhcpcsvc.DLL

dbghelp: loaded successfully - version: 4.0.5 - missing functions: none
symbol engine: initialized successfully - sym options: 0x614 - pdb path: .;C:\Users\Silva\.jdks\corretto-11.0.14\bin;C:\Windows\SYSTEM32;C:\Windows\WinSxS\amd64_microsoft.windows.common-controls_6595b64144ccf1df_6.0.19041.1110_none_60b5254171f9507e;C:\Users\Silva\.jdks\corretto-11.0.14\bin\server;C:\Program Files\JetBrains\IntelliJ IDEA Community Edition 2021.2.3\bin

VM Arguments:
jvm_args: -javaagent:C:\Program Files\JetBrains\IntelliJ IDEA Community Edition 2021.2.3\lib\idea_rt.jar=51174:C:\Program Files\JetBrains\IntelliJ IDEA Community Edition 2021.2.3\bin -Dfile.encoding=UTF-8 
java_command: com.adocao.gpms.AdocaoApplication
java_class_path (initial): C:\Users\Silva\repo\GES\target\classes;C:\Users\Silva\.m2\repository\org\springframework\boot\spring-boot-starter-data-jpa\2.6.0\spring-boot-starter-data-jpa-2.6.0.jar;C:\Users\Silva\.m2\repository\org\springframework\boot\spring-boot-starter-aop\2.6.0\spring-boot-starter-aop-2.6.0.jar;C:\Users\Silva\.m2\repository\org\aspectj\aspectjweaver\1.9.7\aspectjweaver-1.9.7.jar;C:\Users\Silva\.m2\repository\org\springframework\boot\spring-boot-starter-jdbc\2.6.0\spring-boot-starter-jdbc-2.6.0.jar;C:\Users\Silva\.m2\repository\com\zaxxer\HikariCP\4.0.3\HikariCP-4.0.3.jar;C:\Users\Silva\.m2\repository\org\springframework\spring-jdbc\5.3.13\spring-jdbc-5.3.13.jar;C:\Users\Silva\.m2\repository\jakarta\transaction\jakarta.transaction-api\1.3.3\jakarta.transaction-api-1.3.3.jar;C:\Users\Silva\.m2\repository\jakarta\persistence\jakarta.persistence-api\2.2.3\jakarta.persistence-api-2.2.3.jar;C:\Users\Silva\.m2\repository\org\hibernate\hibernate-core\5.6.1.Final\hibernate-core-5.6.1.Final.jar;C:\Users\Silva\.m2\repository\org\jboss\logging\jboss-logging\3.4.2.Final\jboss-logging-3.4.2.Final.jar;C:\Users\Silva\.m2\repository\net\bytebuddy\byte-buddy\1.11.22\byte-buddy-1.11.22.jar;C:\Users\Silva\.m2\repository\antlr\antlr\2.7.7\antlr-2.7.7.jar;C:\Users\Silva\.m2\repository\org\jboss\jandex\2.2.3.Final\jandex-2.2.3.Final.jar;C:\Users\Silva\.m2\repository\com\fasterxml\classmate\1.5.1\classmate-1.5.1.jar;C:\Users\Silva\.m2\repository\org\hibernate\common\hibernate-commons-annotations\5.1.2.Final\hibernate-commons-annotations-5.1.2.Final.jar;C:\Users\Silva\.m2\repository\org\glassfish\jaxb\jaxb-runtime\2.3.5\jaxb-runtime-2.3.5.jar;C:\Users\Silva\.m2\repository\org\glassfish\jaxb\txw2\2.3.5\txw2-2.3.5.jar;C:\Users\Silva\.m2\repository\com\sun\istack\istack-commons-runtime\3.0.12\istack-commons-runtime-3.0.12.jar;C:\Users\Silva\.m2\repository\com\sun\activation\jakarta.activation\1.2.2\jakarta.activation-1.2.2.jar;C:\Users\Silva\.m2\repository\org\springframewo
Launcher Type: SUN_STANDARD

[Global flags]
     intx CICompilerCount                          = 3                                         {product} {ergonomic}
     uint ConcGCThreads                            = 1                                         {product} {ergonomic}
     uint G1ConcRefinementThreads                  = 4                                         {product} {ergonomic}
   size_t G1HeapRegionSize                         = 1048576                                   {product} {ergonomic}
    uintx GCDrainStackTargetSize                   = 64                                        {product} {ergonomic}
   size_t InitialHeapSize                          = 134217728                                 {product} {ergonomic}
   size_t MarkStackSize                            = 4194304                                   {product} {ergonomic}
   size_t MaxHeapSize                              = 2130706432                                {product} {ergonomic}
   size_t MaxNewSize                               = 1278214144                                {product} {ergonomic}
   size_t MinHeapDeltaBytes                        = 1048576                                   {product} {ergonomic}
    uintx NonNMethodCodeHeapSize                   = 5830732                                {pd product} {ergonomic}
    uintx NonProfiledCodeHeapSize                  = 122913754                              {pd product} {ergonomic}
    uintx ProfiledCodeHeapSize                     = 122913754                              {pd product} {ergonomic}
    uintx ReservedCodeCacheSize                    = 251658240                              {pd product} {ergonomic}
     bool SegmentedCodeCache                       = true                                      {product} {ergonomic}
     bool UseCompressedClassPointers               = true                                 {lp64_product} {ergonomic}
     bool UseCompressedOops                        = true                                 {lp64_product} {ergonomic}
     bool UseG1GC                                  = true                                      {product} {ergonomic}
     bool UseLargePagesIndividualAllocation        = false                                  {pd product} {ergonomic}

Logging:
Log output configuration:
 #0: stdout all=warning uptime,level,tags
 #1: stderr all=off uptime,level,tags

Environment Variables:
JAVA_HOME=C:\Program Files\Java\zulu11.52.13-ca-jdk11.0.13-win_x64
PATH=C:\apache-maven-3.8.4\bin;C:\Windows\system32;C:\Windows;C:\Windows\System32\Wbem;C:\Windows\System32\WindowsPowerShell\v1.0\;C:\Windows\System32\OpenSSH\;C:\Program Files\Java\zulu11.52.13-ca-jdk11.0.13-win_x64\bin;C:\Program Files\Git\cmd;C:\Program Files\nodejs\;C:\Program Files (x86)\QuickTime\QTSystem\;C:\Users\Silva\AppData\Local\Microsoft\WindowsApps;;C:\Users\Silva\AppData\Local\Programs\Microsoft VS Code\bin;C:\Users\Silva\AppData\Roaming\npm
USERNAME=Silva
OS=Windows_NT
PROCESSOR_IDENTIFIER=Intel64 Family 6 Model 158 Stepping 10, GenuineIntel



---------------  S Y S T E M  ---------------

OS: Windows 10 , 64 bit Build 19041 (10.0.19041.1466)
OS uptime: 0 days 0:04 hours

CPU:total 4 (initial active 4) (4 cores per cpu, 1 threads per core) family 6 model 158 stepping 10 microcode 0xb4, cmov, cx8, fxsr, mmx, sse, sse2, sse3, ssse3, sse4.1, sse4.2, popcnt, avx, avx2, aes, clmul, erms, 3dnowpref, lzcnt, tsc, tscinvbit, bmi1, bmi2, adx, fma

Memory: 4k page, system-wide physical 8127M (2671M free)
TotalPageFile size 19391M (AvailPageFile size 10726M)
current process WorkingSet (physical memory assigned to process): 275M, peak: 275M
current process commit charge ("private bytes"): 348M, peak: 348M

vm_info: OpenJDK 64-Bit Server VM (11.0.14+9-LTS) for windows-amd64 JRE (11.0.14+9-LTS), built on Jan 15 2022 01:18:46 by "Administrator" with unknown MS VC++:1916

END.
